This is pdfTeX, Version 3.14159265-2.6-1.40.18 (TeX Live 2017/W32TeX) (preloaded format=pdflatex 2018.10.7)  12 JAN 2021 11:49
entering extended mode
 restricted \write18 enabled.
 %&-line parsing enabled.
**./main.tex
(./main.tex
LaTeX2e <2017-04-15>
Babel <3.10> and hyphenation patterns for 84 language(s) loaded.
(d:/texlive/2017/texmf-dist/tex/latex/base/article.cls
Document Class: article 2014/09/29 v1.4h Standard LaTeX document class
(d:/texlive/2017/texmf-dist/tex/latex/base/size10.clo
File: size10.clo 2014/09/29 v1.4h Standard LaTeX file (size option)
)
\c@part=\count79
\c@section=\count80
\c@subsection=\count81
\c@subsubsection=\count82
\c@paragraph=\count83
\c@subparagraph=\count84
\c@figure=\count85
\c@table=\count86
\abovecaptionskip=\skip41
\belowcaptionskip=\skip42
\bibindent=\dimen102
)
(d:/texlive/2017/texmf-dist/tex/latex/base/inputenc.sty
Package: inputenc 2015/03/17 v1.2c Input encoding file
\inpenc@prehook=\toks14
\inpenc@posthook=\toks15

(d:/texlive/2017/texmf-dist/tex/latex/base/utf8.def
File: utf8.def 2017/01/28 v1.1t UTF-8 support for inputenc
Now handling font encoding OML ...
... no UTF-8 mapping file for font encoding OML
Now handling font encoding T1 ...
... processing UTF-8 mapping file for font encoding T1

(d:/texlive/2017/texmf-dist/tex/latex/base/t1enc.dfu
File: t1enc.dfu 2017/01/28 v1.1t UTF-8 support for inputenc
   defining Unicode char U+00A0 (decimal 160)
   defining Unicode char U+00A1 (decimal 161)
   defining Unicode char U+00A3 (decimal 163)
   defining Unicode char U+00AB (decimal 171)
   defining Unicode char U+00AD (decimal 173)
   defining Unicode char U+00BB (decimal 187)
   defining Unicode char U+00BF (decimal 191)
   defining Unicode char U+00C0 (decimal 192)
   defining Unicode char U+00C1 (decimal 193)
   defining Unicode char U+00C2 (decimal 194)
   defining Unicode char U+00C3 (decimal 195)
   defining Unicode char U+00C4 (decimal 196)
   defining Unicode char U+00C5 (decimal 197)
   defining Unicode char U+00C6 (decimal 198)
   defining Unicode char U+00C7 (decimal 199)
   defining Unicode char U+00C8 (decimal 200)
   defining Unicode char U+00C9 (decimal 201)
   defining Unicode char U+00CA (decimal 202)
   defining Unicode char U+00CB (decimal 203)
   defining Unicode char U+00CC (decimal 204)
   defining Unicode char U+00CD (decimal 205)
   defining Unicode char U+00CE (decimal 206)
   defining Unicode char U+00CF (decimal 207)
   defining Unicode char U+00D0 (decimal 208)
   defining Unicode char U+00D1 (decimal 209)
   defining Unicode char U+00D2 (decimal 210)
   defining Unicode char U+00D3 (decimal 211)
   defining Unicode char U+00D4 (decimal 212)
   defining Unicode char U+00D5 (decimal 213)
   defining Unicode char U+00D6 (decimal 214)
   defining Unicode char U+00D8 (decimal 216)
   defining Unicode char U+00D9 (decimal 217)
   defining Unicode char U+00DA (decimal 218)
   defining Unicode char U+00DB (decimal 219)
   defining Unicode char U+00DC (decimal 220)
   defining Unicode char U+00DD (decimal 221)
   defining Unicode char U+00DE (decimal 222)
   defining Unicode char U+00DF (decimal 223)
   defining Unicode char U+00E0 (decimal 224)
   defining Unicode char U+00E1 (decimal 225)
   defining Unicode char U+00E2 (decimal 226)
   defining Unicode char U+00E3 (decimal 227)
   defining Unicode char U+00E4 (decimal 228)
   defining Unicode char U+00E5 (decimal 229)
   defining Unicode char U+00E6 (decimal 230)
   defining Unicode char U+00E7 (decimal 231)
   defining Unicode char U+00E8 (decimal 232)
   defining Unicode char U+00E9 (decimal 233)
   defining Unicode char U+00EA (decimal 234)
   defining Unicode char U+00EB (decimal 235)
   defining Unicode char U+00EC (decimal 236)
   defining Unicode char U+00ED (decimal 237)
   defining Unicode char U+00EE (decimal 238)
   defining Unicode char U+00EF (decimal 239)
   defining Unicode char U+00F0 (decimal 240)
   defining Unicode char U+00F1 (decimal 241)
   defining Unicode char U+00F2 (decimal 242)
   defining Unicode char U+00F3 (decimal 243)
   defining Unicode char U+00F4 (decimal 244)
   defining Unicode char U+00F5 (decimal 245)
   defining Unicode char U+00F6 (decimal 246)
   defining Unicode char U+00F8 (decimal 248)
   defining Unicode char U+00F9 (decimal 249)
   defining Unicode char U+00FA (decimal 250)
   defining Unicode char U+00FB (decimal 251)
   defining Unicode char U+00FC (decimal 252)
   defining Unicode char U+00FD (decimal 253)
   defining Unicode char U+00FE (decimal 254)
   defining Unicode char U+00FF (decimal 255)
   defining Unicode char U+0100 (decimal 256)
   defining Unicode char U+0101 (decimal 257)
   defining Unicode char U+0102 (decimal 258)
   defining Unicode char U+0103 (decimal 259)
   defining Unicode char U+0104 (decimal 260)
   defining Unicode char U+0105 (decimal 261)
   defining Unicode char U+0106 (decimal 262)
   defining Unicode char U+0107 (decimal 263)
   defining Unicode char U+0108 (decimal 264)
   defining Unicode char U+0109 (decimal 265)
   defining Unicode char U+010A (decimal 266)
   defining Unicode char U+010B (decimal 267)
   defining Unicode char U+010C (decimal 268)
   defining Unicode char U+010D (decimal 269)
   defining Unicode char U+010E (decimal 270)
   defining Unicode char U+010F (decimal 271)
   defining Unicode char U+0110 (decimal 272)
   defining Unicode char U+0111 (decimal 273)
   defining Unicode char U+0112 (decimal 274)
   defining Unicode char U+0113 (decimal 275)
   defining Unicode char U+0114 (decimal 276)
   defining Unicode char U+0115 (decimal 277)
   defining Unicode char U+0116 (decimal 278)
   defining Unicode char U+0117 (decimal 279)
   defining Unicode char U+0118 (decimal 280)
   defining Unicode char U+0119 (decimal 281)
   defining Unicode char U+011A (decimal 282)
   defining Unicode char U+011B (decimal 283)
   defining Unicode char U+011C (decimal 284)
   defining Unicode char U+011D (decimal 285)
   defining Unicode char U+011E (decimal 286)
   defining Unicode char U+011F (decimal 287)
   defining Unicode char U+0120 (decimal 288)
   defining Unicode char U+0121 (decimal 289)
   defining Unicode char U+0122 (decimal 290)
   defining Unicode char U+0123 (decimal 291)
   defining Unicode char U+0124 (decimal 292)
   defining Unicode char U+0125 (decimal 293)
   defining Unicode char U+0128 (decimal 296)
   defining Unicode char U+0129 (decimal 297)
   defining Unicode char U+012A (decimal 298)
   defining Unicode char U+012B (decimal 299)
   defining Unicode char U+012C (decimal 300)
   defining Unicode char U+012D (decimal 301)
   defining Unicode char U+012E (decimal 302)
   defining Unicode char U+012F (decimal 303)
   defining Unicode char U+0130 (decimal 304)
   defining Unicode char U+0131 (decimal 305)
   defining Unicode char U+0132 (decimal 306)
   defining Unicode char U+0133 (decimal 307)
   defining Unicode char U+0134 (decimal 308)
   defining Unicode char U+0135 (decimal 309)
   defining Unicode char U+0136 (decimal 310)
   defining Unicode char U+0137 (decimal 311)
   defining Unicode char U+0139 (decimal 313)
   defining Unicode char U+013A (decimal 314)
   defining Unicode char U+013B (decimal 315)
   defining Unicode char U+013C (decimal 316)
   defining Unicode char U+013D (decimal 317)
   defining Unicode char U+013E (decimal 318)
   defining Unicode char U+0141 (decimal 321)
   defining Unicode char U+0142 (decimal 322)
   defining Unicode char U+0143 (decimal 323)
   defining Unicode char U+0144 (decimal 324)
   defining Unicode char U+0145 (decimal 325)
   defining Unicode char U+0146 (decimal 326)
   defining Unicode char U+0147 (decimal 327)
   defining Unicode char U+0148 (decimal 328)
   defining Unicode char U+014A (decimal 330)
   defining Unicode char U+014B (decimal 331)
   defining Unicode char U+014C (decimal 332)
   defining Unicode char U+014D (decimal 333)
   defining Unicode char U+014E (decimal 334)
   defining Unicode char U+014F (decimal 335)
   defining Unicode char U+0150 (decimal 336)
   defining Unicode char U+0151 (decimal 337)
   defining Unicode char U+0152 (decimal 338)
   defining Unicode char U+0153 (decimal 339)
   defining Unicode char U+0154 (decimal 340)
   defining Unicode char U+0155 (decimal 341)
   defining Unicode char U+0156 (decimal 342)
   defining Unicode char U+0157 (decimal 343)
   defining Unicode char U+0158 (decimal 344)
   defining Unicode char U+0159 (decimal 345)
   defining Unicode char U+015A (decimal 346)
   defining Unicode char U+015B (decimal 347)
   defining Unicode char U+015C (decimal 348)
   defining Unicode char U+015D (decimal 349)
   defining Unicode char U+015E (decimal 350)
   defining Unicode char U+015F (decimal 351)
   defining Unicode char U+0160 (decimal 352)
   defining Unicode char U+0161 (decimal 353)
   defining Unicode char U+0162 (decimal 354)
   defining Unicode char U+0163 (decimal 355)
   defining Unicode char U+0164 (decimal 356)
   defining Unicode char U+0165 (decimal 357)
   defining Unicode char U+0168 (decimal 360)
   defining Unicode char U+0169 (decimal 361)
   defining Unicode char U+016A (decimal 362)
   defining Unicode char U+016B (decimal 363)
   defining Unicode char U+016C (decimal 364)
   defining Unicode char U+016D (decimal 365)
   defining Unicode char U+016E (decimal 366)
   defining Unicode char U+016F (decimal 367)
   defining Unicode char U+0170 (decimal 368)
   defining Unicode char U+0171 (decimal 369)
   defining Unicode char U+0172 (decimal 370)
   defining Unicode char U+0173 (decimal 371)
   defining Unicode char U+0174 (decimal 372)
   defining Unicode char U+0175 (decimal 373)
   defining Unicode char U+0176 (decimal 374)
   defining Unicode char U+0177 (decimal 375)
   defining Unicode char U+0178 (decimal 376)
   defining Unicode char U+0179 (decimal 377)
   defining Unicode char U+017A (decimal 378)
   defining Unicode char U+017B (decimal 379)
   defining Unicode char U+017C (decimal 380)
   defining Unicode char U+017D (decimal 381)
   defining Unicode char U+017E (decimal 382)
   defining Unicode char U+01CD (decimal 461)
   defining Unicode char U+01CE (decimal 462)
   defining Unicode char U+01CF (decimal 463)
   defining Unicode char U+01D0 (decimal 464)
   defining Unicode char U+01D1 (decimal 465)
   defining Unicode char U+01D2 (decimal 466)
   defining Unicode char U+01D3 (decimal 467)
   defining Unicode char U+01D4 (decimal 468)
   defining Unicode char U+01E2 (decimal 482)
   defining Unicode char U+01E3 (decimal 483)
   defining Unicode char U+01E6 (decimal 486)
   defining Unicode char U+01E7 (decimal 487)
   defining Unicode char U+01E8 (decimal 488)
   defining Unicode char U+01E9 (decimal 489)
   defining Unicode char U+01EA (decimal 490)
   defining Unicode char U+01EB (decimal 491)
   defining Unicode char U+01F0 (decimal 496)
   defining Unicode char U+01F4 (decimal 500)
   defining Unicode char U+01F5 (decimal 501)
   defining Unicode char U+0218 (decimal 536)
   defining Unicode char U+0219 (decimal 537)
   defining Unicode char U+021A (decimal 538)
   defining Unicode char U+021B (decimal 539)
   defining Unicode char U+0232 (decimal 562)
   defining Unicode char U+0233 (decimal 563)
   defining Unicode char U+1E02 (decimal 7682)
   defining Unicode char U+1E03 (decimal 7683)
   defining Unicode char U+200C (decimal 8204)
   defining Unicode char U+2010 (decimal 8208)
   defining Unicode char U+2011 (decimal 8209)
   defining Unicode char U+2012 (decimal 8210)
   defining Unicode char U+2013 (decimal 8211)
   defining Unicode char U+2014 (decimal 8212)
   defining Unicode char U+2015 (decimal 8213)
   defining Unicode char U+2018 (decimal 8216)
   defining Unicode char U+2019 (decimal 8217)
   defining Unicode char U+201A (decimal 8218)
   defining Unicode char U+201C (decimal 8220)
   defining Unicode char U+201D (decimal 8221)
   defining Unicode char U+201E (decimal 8222)
   defining Unicode char U+2030 (decimal 8240)
   defining Unicode char U+2031 (decimal 8241)
   defining Unicode char U+2039 (decimal 8249)
   defining Unicode char U+203A (decimal 8250)
   defining Unicode char U+2423 (decimal 9251)
   defining Unicode char U+1E20 (decimal 7712)
   defining Unicode char U+1E21 (decimal 7713)
)
Now handling font encoding OT1 ...
... processing UTF-8 mapping file for font encoding OT1

(d:/texlive/2017/texmf-dist/tex/latex/base/ot1enc.dfu
File: ot1enc.dfu 2017/01/28 v1.1t UTF-8 support for inputenc
   defining Unicode char U+00A0 (decimal 160)
   defining Unicode char U+00A1 (decimal 161)
   defining Unicode char U+00A3 (decimal 163)
   defining Unicode char U+00AD (decimal 173)
   defining Unicode char U+00B8 (decimal 184)
   defining Unicode char U+00BF (decimal 191)
   defining Unicode char U+00C5 (decimal 197)
   defining Unicode char U+00C6 (decimal 198)
   defining Unicode char U+00D8 (decimal 216)
   defining Unicode char U+00DF (decimal 223)
   defining Unicode char U+00E6 (decimal 230)
   defining Unicode char U+00EC (decimal 236)
   defining Unicode char U+00ED (decimal 237)
   defining Unicode char U+00EE (decimal 238)
   defining Unicode char U+00EF (decimal 239)
   defining Unicode char U+00F8 (decimal 248)
   defining Unicode char U+0131 (decimal 305)
   defining Unicode char U+0141 (decimal 321)
   defining Unicode char U+0142 (decimal 322)
   defining Unicode char U+0152 (decimal 338)
   defining Unicode char U+0153 (decimal 339)
   defining Unicode char U+0174 (decimal 372)
   defining Unicode char U+0175 (decimal 373)
   defining Unicode char U+0176 (decimal 374)
   defining Unicode char U+0177 (decimal 375)
   defining Unicode char U+0218 (decimal 536)
   defining Unicode char U+0219 (decimal 537)
   defining Unicode char U+021A (decimal 538)
   defining Unicode char U+021B (decimal 539)
   defining Unicode char U+2013 (decimal 8211)
   defining Unicode char U+2014 (decimal 8212)
   defining Unicode char U+2018 (decimal 8216)
   defining Unicode char U+2019 (decimal 8217)
   defining Unicode char U+201C (decimal 8220)
   defining Unicode char U+201D (decimal 8221)
)
Now handling font encoding OMS ...
... processing UTF-8 mapping file for font encoding OMS

(d:/texlive/2017/texmf-dist/tex/latex/base/omsenc.dfu
File: omsenc.dfu 2017/01/28 v1.1t UTF-8 support for inputenc
   defining Unicode char U+00A7 (decimal 167)
   defining Unicode char U+00B6 (decimal 182)
   defining Unicode char U+00B7 (decimal 183)
   defining Unicode char U+2020 (decimal 8224)
   defining Unicode char U+2021 (decimal 8225)
   defining Unicode char U+2022 (decimal 8226)
)
Now handling font encoding OMX ...
... no UTF-8 mapping file for font encoding OMX
Now handling font encoding U ...
... no UTF-8 mapping file for font encoding U
   defining Unicode char U+00A9 (decimal 169)
   defining Unicode char U+00AA (decimal 170)
   defining Unicode char U+00AE (decimal 174)
   defining Unicode char U+00BA (decimal 186)
   defining Unicode char U+02C6 (decimal 710)
   defining Unicode char U+02DC (decimal 732)
   defining Unicode char U+200C (decimal 8204)
   defining Unicode char U+2026 (decimal 8230)
   defining Unicode char U+2122 (decimal 8482)
   defining Unicode char U+2423 (decimal 9251)
))
(d:/texlive/2017/texmf-dist/tex/latex/booktabs/booktabs.sty
Package: booktabs 2016/04/27 v1.618033 publication quality tables
\heavyrulewidth=\dimen103
\lightrulewidth=\dimen104
\cmidrulewidth=\dimen105
\belowrulesep=\dimen106
\belowbottomsep=\dimen107
\aboverulesep=\dimen108
\abovetopsep=\dimen109
\cmidrulesep=\dimen110
\cmidrulekern=\dimen111
\defaultaddspace=\dimen112
\@cmidla=\count87
\@cmidlb=\count88
\@aboverulesep=\dimen113
\@belowrulesep=\dimen114
\@thisruleclass=\count89
\@lastruleclass=\count90
\@thisrulewidth=\dimen115
)
(d:/texlive/2017/texmf-dist/tex/latex/amsmath/amsmath.sty
Package: amsmath 2016/11/05 v2.16a AMS math features
\@mathmargin=\skip43

For additional information on amsmath, use the `?' option.
(d:/texlive/2017/texmf-dist/tex/latex/amsmath/amstext.sty
Package: amstext 2000/06/29 v2.01 AMS text

(d:/texlive/2017/texmf-dist/tex/latex/amsmath/amsgen.sty
File: amsgen.sty 1999/11/30 v2.0 generic functions
\@emptytoks=\toks16
\ex@=\dimen116
))
(d:/texlive/2017/texmf-dist/tex/latex/amsmath/amsbsy.sty
Package: amsbsy 1999/11/29 v1.2d Bold Symbols
\pmbraise@=\dimen117
)
(d:/texlive/2017/texmf-dist/tex/latex/amsmath/amsopn.sty
Package: amsopn 2016/03/08 v2.02 operator names
)
\inf@bad=\count91
LaTeX Info: Redefining \frac on input line 213.
\uproot@=\count92
\leftroot@=\count93
LaTeX Info: Redefining \overline on input line 375.
\classnum@=\count94
\DOTSCASE@=\count95
LaTeX Info: Redefining \ldots on input line 472.
LaTeX Info: Redefining \dots on input line 475.
LaTeX Info: Redefining \cdots on input line 596.
\Mathstrutbox@=\box26
\strutbox@=\box27
\big@size=\dimen118
LaTeX Font Info:    Redeclaring font encoding OML on input line 712.
LaTeX Font Info:    Redeclaring font encoding OMS on input line 713.
\macc@depth=\count96
\c@MaxMatrixCols=\count97
\dotsspace@=\muskip10
\c@parentequation=\count98
\dspbrk@lvl=\count99
\tag@help=\toks17
\row@=\count100
\column@=\count101
\maxfields@=\count102
\andhelp@=\toks18
\eqnshift@=\dimen119
\alignsep@=\dimen120
\tagshift@=\dimen121
\tagwidth@=\dimen122
\totwidth@=\dimen123
\lineht@=\dimen124
\@envbody=\toks19
\multlinegap=\skip44
\multlinetaggap=\skip45
\mathdisplay@stack=\toks20
LaTeX Info: Redefining \[ on input line 2817.
LaTeX Info: Redefining \] on input line 2818.
)
(d:/texlive/2017/texmf-dist/tex/latex/hyperref/hyperref.sty
Package: hyperref 2017/03/14 v6.85a Hypertext links for LaTeX

(d:/texlive/2017/texmf-dist/tex/generic/oberdiek/hobsub-hyperref.sty
Package: hobsub-hyperref 2016/05/16 v1.14 Bundle oberdiek, subset hyperref (HO)


(d:/texlive/2017/texmf-dist/tex/generic/oberdiek/hobsub-generic.sty
Package: hobsub-generic 2016/05/16 v1.14 Bundle oberdiek, subset generic (HO)
Package: hobsub 2016/05/16 v1.14 Construct package bundles (HO)
Package: infwarerr 2016/05/16 v1.4 Providing info/warning/error messages (HO)
Package: ltxcmds 2016/05/16 v1.23 LaTeX kernel commands for general use (HO)
Package: ifluatex 2016/05/16 v1.4 Provides the ifluatex switch (HO)
Package ifluatex Info: LuaTeX not detected.
Package: ifvtex 2016/05/16 v1.6 Detect VTeX and its facilities (HO)
Package ifvtex Info: VTeX not detected.
Package: intcalc 2016/05/16 v1.2 Expandable calculations with integers (HO)
Package: ifpdf 2017/03/15 v3.2 Provides the ifpdf switch
Package: etexcmds 2016/05/16 v1.6 Avoid name clashes with e-TeX commands (HO)
Package etexcmds Info: Could not find \expanded.
(etexcmds)             That can mean that you are not using pdfTeX 1.50 or
(etexcmds)             that some package has redefined \expanded.
(etexcmds)             In the latter case, load this package earlier.
Package: kvsetkeys 2016/05/16 v1.17 Key value parser (HO)
Package: kvdefinekeys 2016/05/16 v1.4 Define keys (HO)
Package: pdftexcmds 2017/03/19 v0.25 Utility functions of pdfTeX for LuaTeX (HO
)
Package pdftexcmds Info: LuaTeX not detected.
Package pdftexcmds Info: \pdf@primitive is available.
Package pdftexcmds Info: \pdf@ifprimitive is available.
Package pdftexcmds Info: \pdfdraftmode found.
Package: pdfescape 2016/05/16 v1.14 Implements pdfTeX's escape features (HO)
Package: bigintcalc 2016/05/16 v1.4 Expandable calculations on big integers (HO
)
Package: bitset 2016/05/16 v1.2 Handle bit-vector datatype (HO)
Package: uniquecounter 2016/05/16 v1.3 Provide unlimited unique counter (HO)
)
Package hobsub Info: Skipping package `hobsub' (already loaded).
Package: letltxmacro 2016/05/16 v1.5 Let assignment for LaTeX macros (HO)
Package: hopatch 2016/05/16 v1.3 Wrapper for package hooks (HO)
Package: xcolor-patch 2016/05/16 xcolor patch
Package: atveryend 2016/05/16 v1.9 Hooks at the very end of document (HO)
Package atveryend Info: \enddocument detected (standard20110627).
Package: atbegshi 2016/06/09 v1.18 At begin shipout hook (HO)
Package: refcount 2016/05/16 v3.5 Data extraction from label references (HO)
Package: hycolor 2016/05/16 v1.8 Color options for hyperref/bookmark (HO)
)
(d:/texlive/2017/texmf-dist/tex/latex/graphics/keyval.sty
Package: keyval 2014/10/28 v1.15 key=value parser (DPC)
\KV@toks@=\toks21
)
(d:/texlive/2017/texmf-dist/tex/generic/ifxetex/ifxetex.sty
Package: ifxetex 2010/09/12 v0.6 Provides ifxetex conditional
)
(d:/texlive/2017/texmf-dist/tex/latex/oberdiek/auxhook.sty
Package: auxhook 2016/05/16 v1.4 Hooks for auxiliary files (HO)
)
(d:/texlive/2017/texmf-dist/tex/latex/oberdiek/kvoptions.sty
Package: kvoptions 2016/05/16 v3.12 Key value format for package options (HO)
)
\@linkdim=\dimen125
\Hy@linkcounter=\count103
\Hy@pagecounter=\count104

(d:/texlive/2017/texmf-dist/tex/latex/hyperref/pd1enc.def
File: pd1enc.def 2017/03/14 v6.85a Hyperref: PDFDocEncoding definition (HO)
Now handling font encoding PD1 ...
... no UTF-8 mapping file for font encoding PD1
)
\Hy@SavedSpaceFactor=\count105

(d:/texlive/2017/texmf-dist/tex/latex/latexconfig/hyperref.cfg
File: hyperref.cfg 2002/06/06 v1.2 hyperref configuration of TeXLive
)
Package hyperref Info: Hyper figures OFF on input line 4498.
Package hyperref Info: Link nesting OFF on input line 4503.
Package hyperref Info: Hyper index ON on input line 4506.
Package hyperref Info: Plain pages OFF on input line 4513.
Package hyperref Info: Backreferencing OFF on input line 4518.
Package hyperref Info: Implicit mode ON; LaTeX internals redefined.
Package hyperref Info: Bookmarks ON on input line 4751.
\c@Hy@tempcnt=\count106

(d:/texlive/2017/texmf-dist/tex/latex/url/url.sty
\Urlmuskip=\muskip11
Package: url 2013/09/16  ver 3.4  Verb mode for urls, etc.
)
LaTeX Info: Redefining \url on input line 5104.
\XeTeXLinkMargin=\dimen126
\Fld@menulength=\count107
\Field@Width=\dimen127
\Fld@charsize=\dimen128
Package hyperref Info: Hyper figures OFF on input line 6358.
Package hyperref Info: Link nesting OFF on input line 6363.
Package hyperref Info: Hyper index ON on input line 6366.
Package hyperref Info: backreferencing OFF on input line 6373.
Package hyperref Info: Link coloring OFF on input line 6378.
Package hyperref Info: Link coloring with OCG OFF on input line 6383.
Package hyperref Info: PDF/A mode OFF on input line 6388.
LaTeX Info: Redefining \ref on input line 6428.
LaTeX Info: Redefining \pageref on input line 6432.
\Hy@abspage=\count108
\c@Item=\count109
\c@Hfootnote=\count110
)

Package hyperref Message: Driver (autodetected): hpdftex.

(d:/texlive/2017/texmf-dist/tex/latex/hyperref/hpdftex.def
File: hpdftex.def 2017/03/14 v6.85a Hyperref driver for pdfTeX
\Fld@listcount=\count111
\c@bookmark@seq@number=\count112

(d:/texlive/2017/texmf-dist/tex/latex/oberdiek/rerunfilecheck.sty
Package: rerunfilecheck 2016/05/16 v1.8 Rerun checks for auxiliary files (HO)
Package uniquecounter Info: New unique counter `rerunfilecheck' on input line 2
82.
)
\Hy@SectionHShift=\skip46
)
(d:/texlive/2017/texmf-dist/tex/latex/graphics/graphicx.sty
Package: graphicx 2014/10/28 v1.0g Enhanced LaTeX Graphics (DPC,SPQR)

(d:/texlive/2017/texmf-dist/tex/latex/graphics/graphics.sty
Package: graphics 2017/04/14 v1.1b Standard LaTeX Graphics (DPC,SPQR)

(d:/texlive/2017/texmf-dist/tex/latex/graphics/trig.sty
Package: trig 2016/01/03 v1.10 sin cos tan (DPC)
)
(d:/texlive/2017/texmf-dist/tex/latex/graphics-cfg/graphics.cfg
File: graphics.cfg 2016/06/04 v1.11 sample graphics configuration
)
Package graphics Info: Driver file: pdftex.def on input line 99.

(d:/texlive/2017/texmf-dist/tex/latex/graphics-def/pdftex.def
File: pdftex.def 2017/01/12 v0.06k Graphics/color for pdfTeX
\Gread@gobject=\count113
))
\Gin@req@height=\dimen129
\Gin@req@width=\dimen130
)
(d:/texlive/2017/texmf-dist/tex/latex/natbib/natbib.sty
Package: natbib 2010/09/13 8.31b (PWD, AO)
\bibhang=\skip47
\bibsep=\skip48
LaTeX Info: Redefining \cite on input line 694.
\c@NAT@ctr=\count114
)
(d:/texlive/2017/texmf-dist/tex/latex/caption/subcaption.sty
Package: subcaption 2016/05/22 v1.1-161 Sub-captions (AR)

(d:/texlive/2017/texmf-dist/tex/latex/caption/caption.sty
Package: caption 2016/02/21 v3.3-144 Customizing captions (AR)

(d:/texlive/2017/texmf-dist/tex/latex/caption/caption3.sty
Package: caption3 2016/05/22 v1.7-166 caption3 kernel (AR)
Package caption3 Info: TeX engine: e-TeX on input line 67.
\captionmargin=\dimen131
\captionmargin@=\dimen132
\captionwidth=\dimen133
\caption@tempdima=\dimen134
\caption@indent=\dimen135
\caption@parindent=\dimen136
\caption@hangindent=\dimen137
)
\c@ContinuedFloat=\count115
Package caption Info: hyperref package is loaded.
)
\c@subfigure=\count116
\c@subtable=\count117
)
(d:/texlive/2017/texmf-dist/tex/latex/float/float.sty
Package: float 2001/11/08 v1.3d Float enhancements (AL)
\c@float@type=\count118
\float@exts=\toks22
\float@box=\box28
\@float@everytoks=\toks23
\@floatcapt=\box29
)
(d:/texlive/2017/texmf-dist/tex/latex/geometry/geometry.sty
Package: geometry 2010/09/12 v5.6 Page Geometry
\Gm@cnth=\count119
\Gm@cntv=\count120
\c@Gm@tempcnt=\count121
\Gm@bindingoffset=\dimen138
\Gm@wd@mp=\dimen139
\Gm@odd@mp=\dimen140
\Gm@even@mp=\dimen141
\Gm@layoutwidth=\dimen142
\Gm@layoutheight=\dimen143
\Gm@layouthoffset=\dimen144
\Gm@layoutvoffset=\dimen145
\Gm@dimlist=\toks24
) (./main.aux

LaTeX Warning: Label `fig:example' multiply defined.


LaTeX Warning: Label `fig:example' multiply defined.


LaTeX Warning: Label `fig:example' multiply defined.


LaTeX Warning: Label `fig:example' multiply defined.


LaTeX Warning: Label `fig:example' multiply defined.


LaTeX Warning: Label `fig:example' multiply defined.


LaTeX Warning: Label `fig:example' multiply defined.


LaTeX Warning: Label `fig:example' multiply defined.


LaTeX Warning: Label `fig:example' multiply defined.


LaTeX Warning: Label `fig:rank' multiply defined.

)
\openout1 = `main.aux'.

LaTeX Font Info:    Checking defaults for OML/cmm/m/it on input line 19.
LaTeX Font Info:    ... okay on input line 19.
LaTeX Font Info:    Checking defaults for T1/cmr/m/n on input line 19.
LaTeX Font Info:    ... okay on input line 19.
LaTeX Font Info:    Checking defaults for OT1/cmr/m/n on input line 19.
LaTeX Font Info:    ... okay on input line 19.
LaTeX Font Info:    Checking defaults for OMS/cmsy/m/n on input line 19.
LaTeX Font Info:    ... okay on input line 19.
LaTeX Font Info:    Checking defaults for OMX/cmex/m/n on input line 19.
LaTeX Font Info:    ... okay on input line 19.
LaTeX Font Info:    Checking defaults for U/cmr/m/n on input line 19.
LaTeX Font Info:    ... okay on input line 19.
LaTeX Font Info:    Checking defaults for PD1/pdf/m/n on input line 19.
LaTeX Font Info:    ... okay on input line 19.
\AtBeginShipoutBox=\box30
Package hyperref Info: Link coloring OFF on input line 19.
 (d:/texlive/2017/texmf-dist/tex/latex/hyperref/nameref.sty
Package: nameref 2016/05/21 v2.44 Cross-referencing by name of section

(d:/texlive/2017/texmf-dist/tex/generic/oberdiek/gettitlestring.sty
Package: gettitlestring 2016/05/16 v1.5 Cleanup title references (HO)
)
\c@section@level=\count122
)
LaTeX Info: Redefining \ref on input line 19.
LaTeX Info: Redefining \pageref on input line 19.
LaTeX Info: Redefining \nameref on input line 19.

(./main.out) (./main.out)
\@outlinefile=\write3
\openout3 = `main.out'.


(d:/texlive/2017/texmf-dist/tex/context/base/mkii/supp-pdf.mkii
[Loading MPS to PDF converter (version 2006.09.02).]
\scratchcounter=\count123
\scratchdimen=\dimen146
\scratchbox=\box31
\nofMPsegments=\count124
\nofMParguments=\count125
\everyMPshowfont=\toks25
\MPscratchCnt=\count126
\MPscratchDim=\dimen147
\MPnumerator=\count127
\makeMPintoPDFobject=\count128
\everyMPtoPDFconversion=\toks26
) (d:/texlive/2017/texmf-dist/tex/latex/oberdiek/epstopdf-base.sty
Package: epstopdf-base 2016/05/15 v2.6 Base part for package epstopdf

(d:/texlive/2017/texmf-dist/tex/latex/oberdiek/grfext.sty
Package: grfext 2016/05/16 v1.2 Manage graphics extensions (HO)
)
Package epstopdf-base Info: Redefining graphics rule for `.eps' on input line 4
38.
Package grfext Info: Graphics extension search list:
(grfext)             [.png,.pdf,.jpg,.mps,.jpeg,.jbig2,.jb2,.PNG,.PDF,.JPG,.JPE
G,.JBIG2,.JB2,.eps]
(grfext)             \AppendGraphicsExtensions on input line 456.

(d:/texlive/2017/texmf-dist/tex/latex/latexconfig/epstopdf-sys.cfg
File: epstopdf-sys.cfg 2010/07/13 v1.3 Configuration of (r)epstopdf for TeX Liv
e
))
Package caption Info: Begin \AtBeginDocument code.
Package caption Info: float package is loaded.
Package caption Info: End \AtBeginDocument code.

*geometry* driver: auto-detecting
*geometry* detected driver: pdftex
*geometry* verbose mode - [ preamble ] result:
* driver: pdftex
* paper: a4paper
* layout: <same size as paper>
* layoutoffset:(h,v)=(0.0pt,0.0pt)
* modes: 
* h-part:(L,W,R)=(74.68848pt, 448.1309pt, 74.68849pt)
* v-part:(T,H,B)=(84.50467pt, 633.78513pt, 126.75705pt)
* \paperwidth=597.50787pt
* \paperheight=845.04684pt
* \textwidth=448.1309pt
* \textheight=633.78513pt
* \oddsidemargin=2.41849pt
* \evensidemargin=2.41849pt
* \topmargin=-24.76532pt
* \headheight=12.0pt
* \headsep=25.0pt
* \topskip=10.0pt
* \footskip=30.0pt
* \marginparwidth=65.0pt
* \marginparsep=11.0pt
* \columnsep=10.0pt
* \skip\footins=9.0pt plus 4.0pt minus 2.0pt
* \hoffset=0.0pt
* \voffset=0.0pt
* \mag=1000
* \@twocolumnfalse
* \@twosidefalse
* \@mparswitchfalse
* \@reversemarginfalse
* (1in=72.27pt=25.4mm, 1cm=28.453pt)

(./sections/1.Introduction.tex [1

{d:/texlive/2017/texmf-var/fonts/map/pdftex/updmap/pdftex.map}]

LaTeX Warning: No positions in optional float specifier.
               Default added (so using `tbp') on input line 24.


Overfull \hbox (23.7477pt too wide) in paragraph at lines 25--32
[][] 
 []

) (./sections/2.Dataset.tex [2]
<figs/dist_dataset.pdf, id=138, 722.7pt x 289.08pt>
File: figs/dist_dataset.pdf Graphic file (type pdf)

<use figs/dist_dataset.pdf>
Package pdftex.def Info: figs/dist_dataset.pdf used on input line 29.
(pdftex.def)             Requested size: 448.1309pt x 179.2542pt.
) (./sections/3.Model_Design.tex
Overfull \hbox (2.73085pt too wide) in paragraph at lines 7--8
\OT1/cmr/m/n/10 We used three model ar-chi-tec-tures as our base-line of the da
taset: VGGNet[[]], ResNet[[]] and DenseNet[[]].
 []

<figs/vgg16.png, id=146, 471.7625pt x 277.035pt>
File: figs/vgg16.png Graphic file (type png)
 <use figs/vgg16.png>
Package pdftex.def Info: figs/vgg16.png used on input line 14.
(pdftex.def)             Requested size: 471.76134pt x 277.03432pt.

Overfull \hbox (23.63043pt too wide) in paragraph at lines 14--15
 [][] 
 []

[3 <./figs/dist_dataset.pdf>]
<figs/residual_block.png, id=197, 221.82875pt x 128.48pt>
File: figs/residual_block.png Graphic file (type png)

<use figs/residual_block.png>
Package pdftex.def Info: figs/residual_block.png used on input line 27.
(pdftex.def)             Requested size: 224.06544pt x 129.77356pt.
 [4 <./figs/vgg16.png (PNG copy)>]
<figs/resnet_arch.png, id=212, 534.99875pt x 240.9pt>
File: figs/resnet_arch.png Graphic file (type png)

<use figs/resnet_arch.png>
Package pdftex.def Info: figs/resnet_arch.png used on input line 75.
(pdftex.def)             Requested size: 448.1309pt x 201.7922pt.

<figs/dense_block.png, id=218, 419.5675pt x 276.03125pt>
File: figs/dense_block.png Graphic file (type png)

<use figs/dense_block.png>
Package pdftex.def Info: figs/dense_block.png used on input line 86.
(pdftex.def)             Requested size: 448.1309pt x 294.82402pt.

<figs/dense_arch.png, id=222, 650.43pt x 318.18875pt>
File: figs/dense_arch.png Graphic file (type png)

<use figs/dense_arch.png>
Package pdftex.def Info: figs/dense_arch.png used on input line 96.
(pdftex.def)             Requested size: 448.1309pt x 219.23003pt.
 [5 <./figs/residual_block.png> <./figs/resnet_arch.png>] <figs/cardinality.png
, id=237, 895.54575pt x 402.303pt>
File: figs/cardinality.png Graphic file (type png)

<use figs/cardinality.png>
Package pdftex.def Info: figs/cardinality.png used on input line 123.
(pdftex.def)             Requested size: 448.1309pt x 201.3106pt.
 [6 <./figs/dense_block.png>]
<figs/structure.png, id=243, 519.1395pt x 489.62926pt>
File: figs/structure.png Graphic file (type png)

<use figs/structure.png>
Package pdftex.def Info: figs/structure.png used on input line 149.
(pdftex.def)             Requested size: 448.1309pt x 422.66429pt.
 [7 <./figs/dense_arch.png> <./figs/cardinality.png>]
<figs/equivalent.png, id=252, 1049.72176pt x 321.6015pt>
File: figs/equivalent.png Graphic file (type png)

<use figs/equivalent.png>
Package pdftex.def Info: figs/equivalent.png used on input line 159.
(pdftex.def)             Requested size: 448.1309pt x 137.28978pt.
 [8 <./figs/structure.png>]
<figs/pretrained-resnext.png, id=259, 884.103pt x 289.08pt>
File: figs/pretrained-resnext.png Graphic file (type png)

<use figs/pretrained-resnext.png>
Package pdftex.def Info: figs/pretrained-resnext.png used on input line 177.
(pdftex.def)             Requested size: 448.1309pt x 146.52458pt.
 [9 <./figs/equivalent.png> <./figs/pretrained-resnext.png>] <figs/attention1.p
ng, id=268, 962.3955pt x 301.125pt>
File: figs/attention1.png Graphic file (type png)

<use figs/attention1.png>
Package pdftex.def Info: figs/attention1.png used on input line 200.
(pdftex.def)             Requested size: 448.1309pt x 140.21465pt.
 <figs/cansam.png, id=269, 880.4895pt x 450.483pt>
File: figs/cansam.png Graphic file (type png)

<use figs/cansam.png>
Package pdftex.def Info: figs/cansam.png used on input line 211.
(pdftex.def)             Requested size: 448.1309pt x 229.27586pt.
 [10 <./figs/attention1.png>]
<figs/cares.png, id=276, 821.469pt x 196.93575pt>
File: figs/cares.png Graphic file (type png)
 <use figs/cares.png>
Package pdftex.def Info: figs/cares.png used on input line 226.
(pdftex.def)             Requested size: 448.1309pt x 107.43451pt.

<figs/spatial1.png, id=277, 909.3975pt x 456.5055pt>
File: figs/spatial1.png Graphic file (type png)
 <use figs/spatial1.png>
Package pdftex.def Info: figs/spatial1.png used on input line 238.
(pdftex.def)             Requested size: 448.1309pt x 224.9574pt.

[11 <./figs/cansam.png> <./figs/cares.png>]
<figs/spatial2.png, id=286, 1053.33525pt x 378.213pt>
File: figs/spatial2.png Graphic file (type png)
 <use figs/spatial2.png>
Package pdftex.def Info: figs/spatial2.png used on input line 250.
(pdftex.def)             Requested size: 448.1309pt x 160.90863pt.

[12 <./figs/spatial1.png> <./figs/spatial2.png>]
<figs/OIP.jpg, id=295, 1758.57pt x 724.20563pt>
File: figs/OIP.jpg Graphic file (type jpg)
 <use figs/OIP.jpg>
Package pdftex.def Info: figs/OIP.jpg used on input line 288.
(pdftex.def)             Requested size: 448.1309pt x 184.54291pt.
 [13]
<figs/0cam.jpg, id=301, 803.0pt x 492.84125pt>
File: figs/0cam.jpg Graphic file (type jpg)
 <use figs/0cam.jpg>
Package pdftex.def Info: figs/0cam.jpg used on input line 299.
(pdftex.def)             Requested size: 134.44063pt x 82.51099pt.

<figs/1cam.jpg, id=302, 1027.84pt x 513.92pt>
File: figs/1cam.jpg Graphic file (type jpg)
 <use figs/1cam.jpg>
Package pdftex.def Info: figs/1cam.jpg used on input line 305.
(pdftex.def)             Requested size: 134.44063pt x 67.21971pt.

<figs/2cam.jpg, id=303, 501.875pt x 334.24875pt>
File: figs/2cam.jpg Graphic file (type jpg)
 <use figs/2cam.jpg>
Package pdftex.def Info: figs/2cam.jpg used on input line 311.
(pdftex.def)             Requested size: 134.44063pt x 89.53943pt.

<figs/3cam.jpg, id=304, 501.875pt x 501.875pt>
File: figs/3cam.jpg Graphic file (type jpg)
 <use figs/3cam.jpg>
Package pdftex.def Info: figs/3cam.jpg used on input line 317.
(pdftex.def)             Requested size: 134.44063pt x 134.44359pt.

<figs/4cam.jpg, id=305, 502.87875pt x 441.65pt>
File: figs/4cam.jpg Graphic file (type jpg)
 <use figs/4cam.jpg>
Package pdftex.def Info: figs/4cam.jpg used on input line 323.
(pdftex.def)             Requested size: 134.44063pt x 118.06775pt.

<figs/5cam.jpg, id=306, 1003.75pt x 1002.74625pt>
File: figs/5cam.jpg Graphic file (type jpg)
 <use figs/5cam.jpg>
Package pdftex.def Info: figs/5cam.jpg used on input line 329.
(pdftex.def)             Requested size: 134.44063pt x 134.29385pt.

<figs/6cam.jpg, id=307, 968.61874pt x 757.83125pt>
File: figs/6cam.jpg Graphic file (type jpg)
 <use figs/6cam.jpg>
Package pdftex.def Info: figs/6cam.jpg used on input line 335.
(pdftex.def)             Requested size: 134.44063pt x 105.18213pt.

<figs/7cam.jpg, id=308, 489.83pt x 652.4375pt>
File: figs/7cam.jpg Graphic file (type jpg)
 <use figs/7cam.jpg>
Package pdftex.def Info: figs/7cam.jpg used on input line 341.
(pdftex.def)             Requested size: 134.44063pt x 179.06744pt.

<figs/8cam.jpg, id=309, 1027.84pt x 632.3625pt>
File: figs/8cam.jpg Graphic file (type jpg)
 <use figs/8cam.jpg>
Package pdftex.def Info: figs/8cam.jpg used on input line 347.
(pdftex.def)             Requested size: 134.44063pt x 82.71176pt.

<figs/9cam.jpg, id=310, 470.75874pt x 273.02pt>
File: figs/9cam.jpg Graphic file (type jpg)
 <use figs/9cam.jpg>
Package pdftex.def Info: figs/9cam.jpg used on input line 353.
(pdftex.def)             Requested size: 134.44063pt x 77.9698pt.

<figs/10cam.jpg, id=311, 501.875pt x 377.41pt>
File: figs/10cam.jpg Graphic file (type jpg)
 <use figs/10cam.jpg>
Package pdftex.def Info: figs/10cam.jpg used on input line 359.
(pdftex.def)             Requested size: 134.44063pt x 101.10158pt.

<figs/11cam.jpg, id=312, 692.5875pt x 566.115pt>
File: figs/11cam.jpg Graphic file (type jpg)
 <use figs/11cam.jpg>
Package pdftex.def Info: figs/11cam.jpg used on input line 365.
(pdftex.def)             Requested size: 134.44063pt x 109.88664pt.
 [14 <./figs/OIP.jpg>] <figs/12cam.jpg, id=318, 642.4pt x 400.49625pt>
File: figs/12cam.jpg Graphic file (type jpg)

<use figs/12cam.jpg>
Package pdftex.def Info: figs/12cam.jpg used on input line 380.
(pdftex.def)             Requested size: 134.44063pt x 83.81335pt.
 <figs/13cam.jpg, id=319, 392.46625pt x 278.03876pt>
File: figs/13cam.jpg Graphic file (type jpg)

<use figs/13cam.jpg>
Package pdftex.def Info: figs/13cam.jpg used on input line 386.
(pdftex.def)             Requested size: 134.44063pt x 95.24466pt.
 <figs/14cam.jpg, id=320, 488.82625pt x 296.10625pt>
File: figs/14cam.jpg Graphic file (type jpg)

<use figs/14cam.jpg>
Package pdftex.def Info: figs/14cam.jpg used on input line 392.
(pdftex.def)             Requested size: 134.44063pt x 81.43623pt.
 <figs/15cam.jpg, id=321, 770.88pt x 1027.84pt>
File: figs/15cam.jpg Graphic file (type jpg)

<use figs/15cam.jpg>
Package pdftex.def Info: figs/15cam.jpg used on input line 398.
(pdftex.def)             Requested size: 134.44063pt x 179.24734pt.
 <figs/16cam.jpg, id=322, 300.12125pt x 401.5pt>
File: figs/16cam.jpg Graphic file (type jpg)

<use figs/16cam.jpg>
Package pdftex.def Info: figs/16cam.jpg used on input line 404.
(pdftex.def)             Requested size: 134.44063pt x 179.8585pt.
 <figs/17cam.jpg, id=323, 225.84375pt x 401.5pt>
File: figs/17cam.jpg Graphic file (type jpg)

<use figs/17cam.jpg>
Package pdftex.def Info: figs/17cam.jpg used on input line 410.
(pdftex.def)             Requested size: 134.44063pt x 239.02104pt.
 <figs/18cam.jpg, id=324, 513.92pt x 385.44pt>
File: figs/18cam.jpg Graphic file (type jpg)

<use figs/18cam.jpg>
Package pdftex.def Info: figs/18cam.jpg used on input line 416.
(pdftex.def)             Requested size: 134.44063pt x 100.82957pt.
 <figs/19cam.jpg, id=325, 301.125pt x 401.5pt>
File: figs/19cam.jpg Graphic file (type jpg)

<use figs/19cam.jpg>
Package pdftex.def Info: figs/19cam.jpg used on input line 422.
(pdftex.def)             Requested size: 134.44063pt x 179.25812pt.
 <figs/20cam.jpg, id=326, 1027.84pt x 770.88pt>
File: figs/20cam.jpg Graphic file (type jpg)

<use figs/20cam.jpg>
Package pdftex.def Info: figs/20cam.jpg used on input line 428.
(pdftex.def)             Requested size: 134.44063pt x 100.82957pt.
 <figs/21cam.jpg, id=327, 353.32pt x 454.69875pt>
File: figs/21cam.jpg Graphic file (type jpg)

<use figs/21cam.jpg>
Package pdftex.def Info: figs/21cam.jpg used on input line 434.
(pdftex.def)             Requested size: 134.44063pt x 173.01627pt.
 <figs/22cam.jpg, id=328, 652.4375pt x 489.83pt>
File: figs/22cam.jpg Graphic file (type jpg)

<use figs/22cam.jpg>
Package pdftex.def Info: figs/22cam.jpg used on input line 440.
(pdftex.def)             Requested size: 134.44063pt x 100.93152pt.
 <figs/23cam.jpg, id=329, 513.92pt x 385.44pt>
File: figs/23cam.jpg Graphic file (type jpg)

<use figs/23cam.jpg>
Package pdftex.def Info: figs/23cam.jpg used on input line 446.
(pdftex.def)             Requested size: 134.44063pt x 100.82957pt.
 [15 <./figs/0cam.jpg> <./figs/1cam.jpg> <./figs/2cam.jpg> <./figs/3cam.jpg> <.
/figs/4cam.jpg> <./figs/5cam.jpg> <./figs/6cam.jpg> <./figs/7cam.jpg> <./figs/8
cam.jpg> <./figs/9cam.jpg> <./figs/10cam.jpg> <./figs/11cam.jpg>]
Overfull \vbox (69.21915pt too high) has occurred while \output is active []


[16 <./figs/12cam.jpg> <./figs/13cam.jpg> <./figs/14cam.jpg> <./figs/15cam.jpg>
 <./figs/16cam.jpg> <./figs/17cam.jpg> <./figs/18cam.jpg> <./figs/19cam.jpg> <.
/figs/20cam.jpg> <./figs/21cam.jpg> <./figs/22cam.jpg> <./figs/23cam.jpg>]
<figs/24cam.jpg, id=340, 301.125pt x 401.5pt>
File: figs/24cam.jpg Graphic file (type jpg)
 <use figs/24cam.jpg>
Package pdftex.def Info: figs/24cam.jpg used on input line 459.
(pdftex.def)             Requested size: 134.44063pt x 179.25812pt.

<figs/25cam.jpg, id=341, 200.75pt x 150.5625pt>
File: figs/25cam.jpg Graphic file (type jpg)
 <use figs/25cam.jpg>
Package pdftex.def Info: figs/25cam.jpg used on input line 465.
(pdftex.def)             Requested size: 134.44063pt x 100.83728pt.

<figs/26cam.jpg, id=342, 579.16376pt x 1027.84pt>
File: figs/26cam.jpg Graphic file (type jpg)
 <use figs/26cam.jpg>
Package pdftex.def Info: figs/26cam.jpg used on input line 471.
(pdftex.def)             Requested size: 134.44063pt x 238.57823pt.

<figs/27cam.jpg, id=343, 301.125pt x 401.5pt>
File: figs/27cam.jpg Graphic file (type jpg)
 <use figs/27cam.jpg>
Package pdftex.def Info: figs/27cam.jpg used on input line 477.
(pdftex.def)             Requested size: 134.44063pt x 179.25812pt.

<figs/28cam.jpg, id=344, 225.84375pt x 401.5pt>
File: figs/28cam.jpg Graphic file (type jpg)
 <use figs/28cam.jpg>
Package pdftex.def Info: figs/28cam.jpg used on input line 483.
(pdftex.def)             Requested size: 134.44063pt x 239.02104pt.

<figs/29cam.jpg, id=345, 770.88pt x 1027.84pt>
File: figs/29cam.jpg Graphic file (type jpg)
 <use figs/29cam.jpg>
Package pdftex.def Info: figs/29cam.jpg used on input line 489.
(pdftex.def)             Requested size: 134.44063pt x 179.24734pt.

<figs/30cam.jpg, id=346, 200.75pt x 200.75pt>
File: figs/30cam.jpg Graphic file (type jpg)
 <use figs/30cam.jpg>
Package pdftex.def Info: figs/30cam.jpg used on input line 495.
(pdftex.def)             Requested size: 134.44063pt x 134.4497pt.

<figs/31cam.jpg, id=347, 738.76pt x 1026.83624pt>
File: figs/31cam.jpg Graphic file (type jpg)
 <use figs/31cam.jpg>
Package pdftex.def Info: figs/31cam.jpg used on input line 501.
(pdftex.def)             Requested size: 134.44063pt x 186.85942pt.

<figs/32cam.jpg, id=348, 349.305pt x 174.6525pt>
File: figs/32cam.jpg Graphic file (type jpg)
 <use figs/32cam.jpg>
Package pdftex.def Info: figs/32cam.jpg used on input line 507.
(pdftex.def)             Requested size: 134.44063pt x 67.22142pt.

<figs/33cam.jpg, id=349, 301.125pt x 401.5pt>
File: figs/33cam.jpg Graphic file (type jpg)
 <use figs/33cam.jpg>
Package pdftex.def Info: figs/33cam.jpg used on input line 519.
(pdftex.def)             Requested size: 134.44063pt x 179.25812pt.

<figs/34cam.jpg, id=350, 612.2875pt x 375.4025pt>
File: figs/34cam.jpg Graphic file (type jpg)
 <use figs/34cam.jpg>
Package pdftex.def Info: figs/34cam.jpg used on input line 525.
(pdftex.def)             Requested size: 134.44063pt x 82.42268pt.

<figs/35cam.jpg, id=351, 401.5pt x 299.1175pt>
File: figs/35cam.jpg Graphic file (type jpg)
 <use figs/35cam.jpg>
Package pdftex.def Info: figs/35cam.jpg used on input line 531.
(pdftex.def)             Requested size: 134.44063pt x 100.16048pt.

<figs/36cam.jpg, id=352, 324.21124pt x 244.915pt>
File: figs/36cam.jpg Graphic file (type jpg)
 <use figs/36cam.jpg>
Package pdftex.def Info: figs/36cam.jpg used on input line 537.
(pdftex.def)             Requested size: 134.44063pt x 101.55934pt.

<figs/37cam.jpg, id=353, 286.06876pt x 213.79875pt>
File: figs/37cam.jpg Graphic file (type jpg)
 <use figs/37cam.jpg>
Package pdftex.def Info: figs/37cam.jpg used on input line 543.
(pdftex.def)             Requested size: 134.44063pt x 100.47563pt.

<figs/38cam.jpg, id=354, 380.42125pt x 268.00125pt>
File: figs/38cam.jpg Graphic file (type jpg)
 <use figs/38cam.jpg>
Package pdftex.def Info: figs/38cam.jpg used on input line 549.
(pdftex.def)             Requested size: 134.44063pt x 94.71376pt.

<figs/39cam.jpg, id=355, 401.5pt x 167.62625pt>
File: figs/39cam.jpg Graphic file (type jpg)
 <use figs/39cam.jpg>
Package pdftex.def Info: figs/39cam.jpg used on input line 555.
(pdftex.def)             Requested size: 134.44063pt x 56.13019pt.

<figs/40cam.jpg, id=356, 513.92pt x 385.44pt>
File: figs/40cam.jpg Graphic file (type jpg)
 <use figs/40cam.jpg>
Package pdftex.def Info: figs/40cam.jpg used on input line 561.
(pdftex.def)             Requested size: 134.44063pt x 100.82957pt.

<figs/41cam.jpg, id=357, 513.92pt x 385.44pt>
File: figs/41cam.jpg Graphic file (type jpg)
 <use figs/41cam.jpg>
Package pdftex.def Info: figs/41cam.jpg used on input line 567.
(pdftex.def)             Requested size: 134.44063pt x 100.82957pt.

Overfull \vbox (46.13776pt too high) has occurred while \output is active []


[17 <./figs/24cam.jpg> <./figs/25cam.jpg> <./figs/26cam.jpg> <./figs/27cam.jpg>
 <./figs/28cam.jpg> <./figs/29cam.jpg> <./figs/30cam.jpg> <./figs/31cam.jpg> <.
/figs/32cam.jpg>]) (./sections/4.Model_Analysis.tex
<figs/train_acc1.png, id=369, 722.7pt x 722.7pt>
File: figs/train_acc1.png Graphic file (type png)
 <use figs/train_acc1.png>
Package pdftex.def Info: figs/train_acc1.png used on input line 12.
(pdftex.def)             Requested size: 246.47334pt x 246.47565pt.

Overfull \hbox (22.4079pt too wide) in paragraph at lines 12--13
 [][] 
 []

<figs/train_acc5.png, id=370, 722.7pt x 722.7pt>
File: figs/train_acc5.png Graphic file (type png)
 <use figs/train_acc5.png>
Package pdftex.def Info: figs/train_acc5.png used on input line 18.
(pdftex.def)             Requested size: 246.47334pt x 246.47565pt.

Overfull \hbox (22.4079pt too wide) in paragraph at lines 18--19
 [][] 
 []

[18 <./figs/33cam.jpg> <./figs/34cam.jpg> <./figs/35cam.jpg> <./figs/36cam.jpg>
 <./figs/37cam.jpg> <./figs/38cam.jpg> <./figs/39cam.jpg> <./figs/40cam.jpg> <.
/figs/41cam.jpg>] <figs/val_acc1.png, id=380, 722.7pt x 722.7pt>
File: figs/val_acc1.png Graphic file (type png)

<use figs/val_acc1.png>
Package pdftex.def Info: figs/val_acc1.png used on input line 29.
(pdftex.def)             Requested size: 246.47334pt x 246.47565pt.

Overfull \hbox (22.4079pt too wide) in paragraph at lines 29--30
 [][] 
 []

<figs/val_acc5.png, id=381, 722.7pt x 722.7pt>
File: figs/val_acc5.png Graphic file (type png)
 <use figs/val_acc5.png>
Package pdftex.def Info: figs/val_acc5.png used on input line 35.
(pdftex.def)             Requested size: 246.47334pt x 246.47565pt.

Overfull \hbox (22.4079pt too wide) in paragraph at lines 35--36
 [][] 
 []

[19 <./figs/train_acc1.png> <./figs/train_acc5.png> <./figs/val_acc1.png> <./fi
gs/val_acc5.png>] [20]
<figs/conf_matrix/vgg11_bn_pretrained_conf.png, id=400, 433.62pt x 289.08pt>
File: figs/conf_matrix/vgg11_bn_pretrained_conf.png Graphic file (type png)

<use figs/conf_matrix/vgg11_bn_pretrained_conf.png>
Package pdftex.def Info: figs/conf_matrix/vgg11_bn_pretrained_conf.png used on 
input line 89.
(pdftex.def)             Requested size: 268.87784pt x 179.25862pt.

Overfull \hbox (44.8124pt too wide) in paragraph at lines 89--90
 [][] 
 []


<figs/conf_matrix/vgg11_bn_pretrained_log_conf.png, id=401, 433.62pt x 289.08pt
>
File: figs/conf_matrix/vgg11_bn_pretrained_log_conf.png Graphic file (type png)

 <use figs/conf_matrix/vgg11_bn_pretrained_log_conf.png>
Package pdftex.def Info: figs/conf_matrix/vgg11_bn_pretrained_log_conf.png used
 on input line 95.
(pdftex.def)             Requested size: 268.87784pt x 179.25862pt.

Overfull \hbox (44.8124pt too wide) in paragraph at lines 95--96
 [][] 
 []


Overfull \hbox (2.2222pt too wide) in paragraph at lines 87--98
[][]  [] 
 []

<figs/conf_matrix/vgg11_bn_conf.png, id=402, 433.62pt x 289.08pt>
File: figs/conf_matrix/vgg11_bn_conf.png Graphic file (type png)

<use figs/conf_matrix/vgg11_bn_conf.png>
Package pdftex.def Info: figs/conf_matrix/vgg11_bn_conf.png used on input line 
101.
(pdftex.def)             Requested size: 268.87784pt x 179.25862pt.

Overfull \hbox (44.8124pt too wide) in paragraph at lines 101--102
 [][] 
 []

<figs/conf_matrix/vgg11_bn_log_conf.png, id=403, 433.62pt x 289.08pt>
File: figs/conf_matrix/vgg11_bn_log_conf.png Graphic file (type png)

<use figs/conf_matrix/vgg11_bn_log_conf.png>
Package pdftex.def Info: figs/conf_matrix/vgg11_bn_log_conf.png used on input l
ine 107.
(pdftex.def)             Requested size: 268.87784pt x 179.25862pt.

Overfull \hbox (44.8124pt too wide) in paragraph at lines 107--108
 [][] 
 []


Overfull \hbox (2.2222pt too wide) in paragraph at lines 99--110
[][]  [] 
 []

<figs/conf_matrix/vgg13_bn_pretrained_conf.png, id=404, 433.62pt x 289.08pt>
File: figs/conf_matrix/vgg13_bn_pretrained_conf.png Graphic file (type png)

<use figs/conf_matrix/vgg13_bn_pretrained_conf.png>
Package pdftex.def Info: figs/conf_matrix/vgg13_bn_pretrained_conf.png used on 
input line 118.
(pdftex.def)             Requested size: 268.87784pt x 179.25862pt.

Overfull \hbox (44.8124pt too wide) in paragraph at lines 118--119
 [][] 
 []


<figs/conf_matrix/vgg13_bn_pretrained_log_conf.png, id=405, 433.62pt x 289.08pt
>
File: figs/conf_matrix/vgg13_bn_pretrained_log_conf.png Graphic file (type png)

 <use figs/conf_matrix/vgg13_bn_pretrained_log_conf.png>
Package pdftex.def Info: figs/conf_matrix/vgg13_bn_pretrained_log_conf.png used
 on input line 124.
(pdftex.def)             Requested size: 268.87784pt x 179.25862pt.

Overfull \hbox (44.8124pt too wide) in paragraph at lines 124--125
 [][] 
 []


Overfull \hbox (2.2222pt too wide) in paragraph at lines 116--127
[][]  [] 
 []

<figs/conf_matrix/vgg13_bn_conf.png, id=406, 433.62pt x 289.08pt>
File: figs/conf_matrix/vgg13_bn_conf.png Graphic file (type png)

<use figs/conf_matrix/vgg13_bn_conf.png>
Package pdftex.def Info: figs/conf_matrix/vgg13_bn_conf.png used on input line 
130.
(pdftex.def)             Requested size: 268.87784pt x 179.25862pt.

Overfull \hbox (44.8124pt too wide) in paragraph at lines 130--131
 [][] 
 []

<figs/conf_matrix/vgg13_bn_log_conf.png, id=407, 433.62pt x 289.08pt>
File: figs/conf_matrix/vgg13_bn_log_conf.png Graphic file (type png)

<use figs/conf_matrix/vgg13_bn_log_conf.png>
Package pdftex.def Info: figs/conf_matrix/vgg13_bn_log_conf.png used on input l
ine 136.
(pdftex.def)             Requested size: 268.87784pt x 179.25862pt.

Overfull \hbox (44.8124pt too wide) in paragraph at lines 136--137
 [][] 
 []


Overfull \hbox (2.2222pt too wide) in paragraph at lines 128--139
[][]  [] 
 []

[21 <./figs/conf_matrix/vgg11_bn_pretrained_conf.png> <./figs/conf_matrix/vgg11
_bn_pretrained_log_conf.png> <./figs/conf_matrix/vgg11_bn_conf.png> <./figs/con
f_matrix/vgg11_bn_log_conf.png>]
<figs/conf_matrix/vgg16_bn_pretrained_conf.png, id=419, 433.62pt x 289.08pt>
File: figs/conf_matrix/vgg16_bn_pretrained_conf.png Graphic file (type png)

<use figs/conf_matrix/vgg16_bn_pretrained_conf.png>
Package pdftex.def Info: figs/conf_matrix/vgg16_bn_pretrained_conf.png used on 
input line 148.
(pdftex.def)             Requested size: 268.87784pt x 179.25862pt.

Overfull \hbox (44.8124pt too wide) in paragraph at lines 148--149
 [][] 
 []


<figs/conf_matrix/vgg16_bn_pretrained_log_conf.png, id=420, 433.62pt x 289.08pt
>
File: figs/conf_matrix/vgg16_bn_pretrained_log_conf.png Graphic file (type png)

 <use figs/conf_matrix/vgg16_bn_pretrained_log_conf.png>
Package pdftex.def Info: figs/conf_matrix/vgg16_bn_pretrained_log_conf.png used
 on input line 154.
(pdftex.def)             Requested size: 268.87784pt x 179.25862pt.

Overfull \hbox (44.8124pt too wide) in paragraph at lines 154--155
 [][] 
 []


Overfull \hbox (2.2222pt too wide) in paragraph at lines 146--157
[][]  [] 
 []

<figs/conf_matrix/vgg16_bn_conf.png, id=421, 433.62pt x 289.08pt>
File: figs/conf_matrix/vgg16_bn_conf.png Graphic file (type png)

<use figs/conf_matrix/vgg16_bn_conf.png>
Package pdftex.def Info: figs/conf_matrix/vgg16_bn_conf.png used on input line 
160.
(pdftex.def)             Requested size: 268.87784pt x 179.25862pt.

Overfull \hbox (44.8124pt too wide) in paragraph at lines 160--161
 [][] 
 []

<figs/conf_matrix/vgg16_bn_log_conf.png, id=422, 433.62pt x 289.08pt>
File: figs/conf_matrix/vgg16_bn_log_conf.png Graphic file (type png)

<use figs/conf_matrix/vgg16_bn_log_conf.png>
Package pdftex.def Info: figs/conf_matrix/vgg16_bn_log_conf.png used on input l
ine 166.
(pdftex.def)             Requested size: 268.87784pt x 179.25862pt.

Overfull \hbox (44.8124pt too wide) in paragraph at lines 166--167
 [][] 
 []


Overfull \hbox (2.2222pt too wide) in paragraph at lines 158--169
[][]  [] 
 []

[22 <./figs/conf_matrix/vgg13_bn_pretrained_conf.png> <./figs/conf_matrix/vgg13
_bn_pretrained_log_conf.png> <./figs/conf_matrix/vgg13_bn_conf.png> <./figs/con
f_matrix/vgg13_bn_log_conf.png>]
<figs/conf_matrix/vgg19_bn_pretrained_conf.png, id=432, 433.62pt x 289.08pt>
File: figs/conf_matrix/vgg19_bn_pretrained_conf.png Graphic file (type png)

<use figs/conf_matrix/vgg19_bn_pretrained_conf.png>
Package pdftex.def Info: figs/conf_matrix/vgg19_bn_pretrained_conf.png used on 
input line 178.
(pdftex.def)             Requested size: 268.87784pt x 179.25862pt.

Overfull \hbox (44.8124pt too wide) in paragraph at lines 178--179
 [][] 
 []


<figs/conf_matrix/vgg19_bn_pretrained_log_conf.png, id=433, 433.62pt x 289.08pt
>
File: figs/conf_matrix/vgg19_bn_pretrained_log_conf.png Graphic file (type png)

 <use figs/conf_matrix/vgg19_bn_pretrained_log_conf.png>
Package pdftex.def Info: figs/conf_matrix/vgg19_bn_pretrained_log_conf.png used
 on input line 184.
(pdftex.def)             Requested size: 268.87784pt x 179.25862pt.

Overfull \hbox (44.8124pt too wide) in paragraph at lines 184--185
 [][] 
 []


Overfull \hbox (2.2222pt too wide) in paragraph at lines 176--187
[][]  [] 
 []

<figs/conf_matrix/vgg19_bn_conf.png, id=434, 433.62pt x 289.08pt>
File: figs/conf_matrix/vgg19_bn_conf.png Graphic file (type png)

<use figs/conf_matrix/vgg19_bn_conf.png>
Package pdftex.def Info: figs/conf_matrix/vgg19_bn_conf.png used on input line 
190.
(pdftex.def)             Requested size: 268.87784pt x 179.25862pt.

Overfull \hbox (44.8124pt too wide) in paragraph at lines 190--191
 [][] 
 []

<figs/conf_matrix/vgg19_bn_log_conf.png, id=435, 433.62pt x 289.08pt>
File: figs/conf_matrix/vgg19_bn_log_conf.png Graphic file (type png)

<use figs/conf_matrix/vgg19_bn_log_conf.png>
Package pdftex.def Info: figs/conf_matrix/vgg19_bn_log_conf.png used on input l
ine 196.
(pdftex.def)             Requested size: 268.87784pt x 179.25862pt.

Overfull \hbox (44.8124pt too wide) in paragraph at lines 196--197
 [][] 
 []


Overfull \hbox (2.2222pt too wide) in paragraph at lines 188--199
[][]  [] 
 []

[23 <./figs/conf_matrix/vgg16_bn_pretrained_conf.png> <./figs/conf_matrix/vgg16
_bn_pretrained_log_conf.png> <./figs/conf_matrix/vgg16_bn_conf.png> <./figs/con
f_matrix/vgg16_bn_log_conf.png>]
<figs/conf_matrix/resnet18_pretrained_conf.png, id=445, 433.62pt x 289.08pt>
File: figs/conf_matrix/resnet18_pretrained_conf.png Graphic file (type png)

<use figs/conf_matrix/resnet18_pretrained_conf.png>
Package pdftex.def Info: figs/conf_matrix/resnet18_pretrained_conf.png used on 
input line 208.
(pdftex.def)             Requested size: 268.87784pt x 179.25862pt.

Overfull \hbox (44.8124pt too wide) in paragraph at lines 208--209
 [][] 
 []


<figs/conf_matrix/resnet18_pretrained_log_conf.png, id=446, 433.62pt x 289.08pt
>
File: figs/conf_matrix/resnet18_pretrained_log_conf.png Graphic file (type png)

 <use figs/conf_matrix/resnet18_pretrained_log_conf.png>
Package pdftex.def Info: figs/conf_matrix/resnet18_pretrained_log_conf.png used
 on input line 214.
(pdftex.def)             Requested size: 268.87784pt x 179.25862pt.

Overfull \hbox (44.8124pt too wide) in paragraph at lines 214--215
 [][] 
 []


Overfull \hbox (2.2222pt too wide) in paragraph at lines 206--217
[][]  [] 
 []

<figs/conf_matrix/resnet18_conf.png, id=447, 433.62pt x 289.08pt>
File: figs/conf_matrix/resnet18_conf.png Graphic file (type png)

<use figs/conf_matrix/resnet18_conf.png>
Package pdftex.def Info: figs/conf_matrix/resnet18_conf.png used on input line 
220.
(pdftex.def)             Requested size: 268.87784pt x 179.25862pt.

Overfull \hbox (44.8124pt too wide) in paragraph at lines 220--221
 [][] 
 []

<figs/conf_matrix/resnet18_log_conf.png, id=448, 433.62pt x 289.08pt>
File: figs/conf_matrix/resnet18_log_conf.png Graphic file (type png)

<use figs/conf_matrix/resnet18_log_conf.png>
Package pdftex.def Info: figs/conf_matrix/resnet18_log_conf.png used on input l
ine 227.
(pdftex.def)             Requested size: 268.87784pt x 179.25862pt.

Overfull \hbox (44.8124pt too wide) in paragraph at lines 227--228
 [][] 
 []


Overfull \hbox (2.2222pt too wide) in paragraph at lines 218--230
[][]  [] 
 []

[24 <./figs/conf_matrix/vgg19_bn_pretrained_conf.png> <./figs/conf_matrix/vgg19
_bn_pretrained_log_conf.png> <./figs/conf_matrix/vgg19_bn_conf.png> <./figs/con
f_matrix/vgg19_bn_log_conf.png>]
<figs/conf_matrix/resnet50_pretrained_conf.png, id=458, 433.62pt x 289.08pt>
File: figs/conf_matrix/resnet50_pretrained_conf.png Graphic file (type png)

<use figs/conf_matrix/resnet50_pretrained_conf.png>
Package pdftex.def Info: figs/conf_matrix/resnet50_pretrained_conf.png used on 
input line 239.
(pdftex.def)             Requested size: 268.87784pt x 179.25862pt.

Overfull \hbox (44.8124pt too wide) in paragraph at lines 239--240
 [][] 
 []


<figs/conf_matrix/resnet50_pretrained_log_conf.png, id=459, 433.62pt x 289.08pt
>
File: figs/conf_matrix/resnet50_pretrained_log_conf.png Graphic file (type png)

 <use figs/conf_matrix/resnet50_pretrained_log_conf.png>
Package pdftex.def Info: figs/conf_matrix/resnet50_pretrained_log_conf.png used
 on input line 246.
(pdftex.def)             Requested size: 268.87784pt x 179.25862pt.

Overfull \hbox (44.8124pt too wide) in paragraph at lines 246--247
 [][] 
 []


Overfull \hbox (2.2222pt too wide) in paragraph at lines 237--249
[][]  [] 
 []

<figs/conf_matrix/resnet50_conf.png, id=460, 433.62pt x 289.08pt>
File: figs/conf_matrix/resnet50_conf.png Graphic file (type png)

<use figs/conf_matrix/resnet50_conf.png>
Package pdftex.def Info: figs/conf_matrix/resnet50_conf.png used on input line 
253.
(pdftex.def)             Requested size: 268.87784pt x 179.25862pt.

Overfull \hbox (44.8124pt too wide) in paragraph at lines 253--254
 [][] 
 []

<figs/conf_matrix/resnet50_log_conf.png, id=461, 433.62pt x 289.08pt>
File: figs/conf_matrix/resnet50_log_conf.png Graphic file (type png)

<use figs/conf_matrix/resnet50_log_conf.png>
Package pdftex.def Info: figs/conf_matrix/resnet50_log_conf.png used on input l
ine 260.
(pdftex.def)             Requested size: 268.87784pt x 179.25862pt.

Overfull \hbox (44.8124pt too wide) in paragraph at lines 260--261
 [][] 
 []


Overfull \hbox (2.2222pt too wide) in paragraph at lines 250--263
[][]  [] 
 []

[25 <./figs/conf_matrix/resnet18_pretrained_conf.png> <./figs/conf_matrix/resne
t18_pretrained_log_conf.png> <./figs/conf_matrix/resnet18_conf.png> <./figs/con
f_matrix/resnet18_log_conf.png>]
<figs/conf_matrix/resnet101_pretrained_conf.png, id=472, 433.62pt x 289.08pt>
File: figs/conf_matrix/resnet101_pretrained_conf.png Graphic file (type png)

<use figs/conf_matrix/resnet101_pretrained_conf.png>
Package pdftex.def Info: figs/conf_matrix/resnet101_pretrained_conf.png used on
 input line 272.
(pdftex.def)             Requested size: 268.87784pt x 179.25862pt.

Overfull \hbox (44.8124pt too wide) in paragraph at lines 272--273
 [][] 
 []


<figs/conf_matrix/resnet101_pretrained_log_conf.png, id=473, 433.62pt x 289.08p
t>
File: figs/conf_matrix/resnet101_pretrained_log_conf.png Graphic file (type png
)
 <use figs/conf_matrix/resnet101_pretrained_log_conf.png>
Package pdftex.def Info: figs/conf_matrix/resnet101_pretrained_log_conf.png use
d on input line 279.
(pdftex.def)             Requested size: 268.87784pt x 179.25862pt.

Overfull \hbox (44.8124pt too wide) in paragraph at lines 279--280
 [][] 
 []


Overfull \hbox (2.2222pt too wide) in paragraph at lines 270--282
[][]  [] 
 []

<figs/conf_matrix/resnet101_conf.png, id=474, 433.62pt x 289.08pt>
File: figs/conf_matrix/resnet101_conf.png Graphic file (type png)

<use figs/conf_matrix/resnet101_conf.png>
Package pdftex.def Info: figs/conf_matrix/resnet101_conf.png used on input line
 286.
(pdftex.def)             Requested size: 268.87784pt x 179.25862pt.

Overfull \hbox (44.8124pt too wide) in paragraph at lines 286--287
 [][] 
 []

<figs/conf_matrix/resnet101_log_conf.png, id=475, 433.62pt x 289.08pt>
File: figs/conf_matrix/resnet101_log_conf.png Graphic file (type png)

<use figs/conf_matrix/resnet101_log_conf.png>
Package pdftex.def Info: figs/conf_matrix/resnet101_log_conf.png used on input 
line 293.
(pdftex.def)             Requested size: 268.87784pt x 179.25862pt.

Overfull \hbox (44.8124pt too wide) in paragraph at lines 293--294
 [][] 
 []


Overfull \hbox (2.2222pt too wide) in paragraph at lines 283--297
[][]  [] 
 []

[26 <./figs/conf_matrix/resnet50_pretrained_conf.png> <./figs/conf_matrix/resne
t50_pretrained_log_conf.png> <./figs/conf_matrix/resnet50_conf.png> <./figs/con
f_matrix/resnet50_log_conf.png>]
<figs/conf_matrix/resnet152_pretrained_conf.png, id=485, 433.62pt x 289.08pt>
File: figs/conf_matrix/resnet152_pretrained_conf.png Graphic file (type png)

<use figs/conf_matrix/resnet152_pretrained_conf.png>
Package pdftex.def Info: figs/conf_matrix/resnet152_pretrained_conf.png used on
 input line 306.
(pdftex.def)             Requested size: 268.87784pt x 179.25862pt.

Overfull \hbox (44.8124pt too wide) in paragraph at lines 306--307
 [][] 
 []


<figs/conf_matrix/resnet152_pretrained_log_conf.png, id=486, 433.62pt x 289.08p
t>
File: figs/conf_matrix/resnet152_pretrained_log_conf.png Graphic file (type png
)
 <use figs/conf_matrix/resnet152_pretrained_log_conf.png>
Package pdftex.def Info: figs/conf_matrix/resnet152_pretrained_log_conf.png use
d on input line 313.
(pdftex.def)             Requested size: 268.87784pt x 179.25862pt.

Overfull \hbox (44.8124pt too wide) in paragraph at lines 313--314
 [][] 
 []


Overfull \hbox (2.2222pt too wide) in paragraph at lines 304--316
[][]  [] 
 []

<figs/conf_matrix/resnet152_conf.png, id=487, 433.62pt x 289.08pt>
File: figs/conf_matrix/resnet152_conf.png Graphic file (type png)

<use figs/conf_matrix/resnet152_conf.png>
Package pdftex.def Info: figs/conf_matrix/resnet152_conf.png used on input line
 320.
(pdftex.def)             Requested size: 268.87784pt x 179.25862pt.

Overfull \hbox (44.8124pt too wide) in paragraph at lines 320--321
 [][] 
 []

<figs/conf_matrix/resnet152_log_conf.png, id=488, 433.62pt x 289.08pt>
File: figs/conf_matrix/resnet152_log_conf.png Graphic file (type png)

<use figs/conf_matrix/resnet152_log_conf.png>
Package pdftex.def Info: figs/conf_matrix/resnet152_log_conf.png used on input 
line 327.
(pdftex.def)             Requested size: 268.87784pt x 179.25862pt.

Overfull \hbox (44.8124pt too wide) in paragraph at lines 327--328
 [][] 
 []


Overfull \hbox (2.2222pt too wide) in paragraph at lines 317--330
[][]  [] 
 []

[27 <./figs/conf_matrix/resnet101_pretrained_conf.png> <./figs/conf_matrix/resn
et101_pretrained_log_conf.png> <./figs/conf_matrix/resnet101_conf.png> <./figs/
conf_matrix/resnet101_log_conf.png>]
<figs/conf_matrix/densenet121_pretrained_conf.png, id=498, 433.62pt x 289.08pt>
File: figs/conf_matrix/densenet121_pretrained_conf.png Graphic file (type png)
<use figs/conf_matrix/densenet121_pretrained_conf.png>
Package pdftex.def Info: figs/conf_matrix/densenet121_pretrained_conf.png used 
on input line 339.
(pdftex.def)             Requested size: 268.87784pt x 179.25862pt.

Overfull \hbox (44.8124pt too wide) in paragraph at lines 339--340
 [][] 
 []


<figs/conf_matrix/densenet121_pretrained_log_conf.png, id=499, 433.62pt x 289.0
8pt>
File: figs/conf_matrix/densenet121_pretrained_log_conf.png Graphic file (type p
ng)
 <use figs/conf_matrix/densenet121_pretrained_log_conf.png>
Package pdftex.def Info: figs/conf_matrix/densenet121_pretrained_log_conf.png u
sed on input line 346.
(pdftex.def)             Requested size: 268.87784pt x 179.25862pt.

Overfull \hbox (44.8124pt too wide) in paragraph at lines 346--347
 [][] 
 []


Overfull \hbox (2.2222pt too wide) in paragraph at lines 337--349
[][]  [] 
 []

<figs/conf_matrix/densenet121_conf.png, id=500, 433.62pt x 289.08pt>
File: figs/conf_matrix/densenet121_conf.png Graphic file (type png)

<use figs/conf_matrix/densenet121_conf.png>
Package pdftex.def Info: figs/conf_matrix/densenet121_conf.png used on input li
ne 353.
(pdftex.def)             Requested size: 268.87784pt x 179.25862pt.

Overfull \hbox (44.8124pt too wide) in paragraph at lines 353--354
 [][] 
 []

<figs/conf_matrix/densenet121_log_conf.png, id=501, 433.62pt x 289.08pt>
File: figs/conf_matrix/densenet121_log_conf.png Graphic file (type png)

<use figs/conf_matrix/densenet121_log_conf.png>
Package pdftex.def Info: figs/conf_matrix/densenet121_log_conf.png used on inpu
t line 360.
(pdftex.def)             Requested size: 268.87784pt x 179.25862pt.

Overfull \hbox (44.8124pt too wide) in paragraph at lines 360--361
 [][] 
 []


Overfull \hbox (2.2222pt too wide) in paragraph at lines 350--364
[][]  [] 
 []

[28 <./figs/conf_matrix/resnet152_pretrained_conf.png> <./figs/conf_matrix/resn
et152_pretrained_log_conf.png> <./figs/conf_matrix/resnet152_conf.png> <./figs/
conf_matrix/resnet152_log_conf.png>]
<figs/conf_matrix/densenet161_pretrained_conf.png, id=511, 433.62pt x 289.08pt>
File: figs/conf_matrix/densenet161_pretrained_conf.png Graphic file (type png)
<use figs/conf_matrix/densenet161_pretrained_conf.png>
Package pdftex.def Info: figs/conf_matrix/densenet161_pretrained_conf.png used 
on input line 373.
(pdftex.def)             Requested size: 268.87784pt x 179.25862pt.

Overfull \hbox (44.8124pt too wide) in paragraph at lines 373--374
 [][] 
 []


<figs/conf_matrix/densenet161_pretrained_log_conf.png, id=512, 433.62pt x 289.0
8pt>
File: figs/conf_matrix/densenet161_pretrained_log_conf.png Graphic file (type p
ng)
 <use figs/conf_matrix/densenet161_pretrained_log_conf.png>
Package pdftex.def Info: figs/conf_matrix/densenet161_pretrained_log_conf.png u
sed on input line 380.
(pdftex.def)             Requested size: 268.87784pt x 179.25862pt.

Overfull \hbox (44.8124pt too wide) in paragraph at lines 380--381
 [][] 
 []


Overfull \hbox (2.2222pt too wide) in paragraph at lines 371--383
[][]  [] 
 []

<figs/conf_matrix/densenet161_conf.png, id=513, 433.62pt x 289.08pt>
File: figs/conf_matrix/densenet161_conf.png Graphic file (type png)

<use figs/conf_matrix/densenet161_conf.png>
Package pdftex.def Info: figs/conf_matrix/densenet161_conf.png used on input li
ne 387.
(pdftex.def)             Requested size: 268.87784pt x 179.25862pt.

Overfull \hbox (44.8124pt too wide) in paragraph at lines 387--388
 [][] 
 []

<figs/conf_matrix/densenet161_log_conf.png, id=514, 433.62pt x 289.08pt>
File: figs/conf_matrix/densenet161_log_conf.png Graphic file (type png)

<use figs/conf_matrix/densenet161_log_conf.png>
Package pdftex.def Info: figs/conf_matrix/densenet161_log_conf.png used on inpu
t line 394.
(pdftex.def)             Requested size: 268.87784pt x 179.25862pt.

Overfull \hbox (44.8124pt too wide) in paragraph at lines 394--395
 [][] 
 []


Overfull \hbox (2.2222pt too wide) in paragraph at lines 384--397
[][]  [] 
 []

[29 <./figs/conf_matrix/densenet121_pretrained_conf.png> <./figs/conf_matrix/de
nsenet121_pretrained_log_conf.png> <./figs/conf_matrix/densenet121_conf.png> <.
/figs/conf_matrix/densenet121_log_conf.png>]
<figs/conf_matrix/densenet169_pretrained_conf.png, id=524, 433.62pt x 289.08pt>
File: figs/conf_matrix/densenet169_pretrained_conf.png Graphic file (type png)
<use figs/conf_matrix/densenet169_pretrained_conf.png>
Package pdftex.def Info: figs/conf_matrix/densenet169_pretrained_conf.png used 
on input line 406.
(pdftex.def)             Requested size: 268.87784pt x 179.25862pt.

Overfull \hbox (44.8124pt too wide) in paragraph at lines 406--407
 [][] 
 []


<figs/conf_matrix/densenet169_pretrained_log_conf.png, id=525, 433.62pt x 289.0
8pt>
File: figs/conf_matrix/densenet169_pretrained_log_conf.png Graphic file (type p
ng)
 <use figs/conf_matrix/densenet169_pretrained_log_conf.png>
Package pdftex.def Info: figs/conf_matrix/densenet169_pretrained_log_conf.png u
sed on input line 413.
(pdftex.def)             Requested size: 268.87784pt x 179.25862pt.

Overfull \hbox (44.8124pt too wide) in paragraph at lines 413--414
 [][] 
 []


Overfull \hbox (2.2222pt too wide) in paragraph at lines 404--416
[][]  [] 
 []

<figs/conf_matrix/densenet169_conf.png, id=526, 433.62pt x 289.08pt>
File: figs/conf_matrix/densenet169_conf.png Graphic file (type png)

<use figs/conf_matrix/densenet169_conf.png>
Package pdftex.def Info: figs/conf_matrix/densenet169_conf.png used on input li
ne 420.
(pdftex.def)             Requested size: 268.87784pt x 179.25862pt.

Overfull \hbox (44.8124pt too wide) in paragraph at lines 420--421
 [][] 
 []

<figs/conf_matrix/densenet169_log_conf.png, id=527, 433.62pt x 289.08pt>
File: figs/conf_matrix/densenet169_log_conf.png Graphic file (type png)

<use figs/conf_matrix/densenet169_log_conf.png>
Package pdftex.def Info: figs/conf_matrix/densenet169_log_conf.png used on inpu
t line 427.
(pdftex.def)             Requested size: 268.87784pt x 179.25862pt.

Overfull \hbox (44.8124pt too wide) in paragraph at lines 427--428
 [][] 
 []


Overfull \hbox (2.2222pt too wide) in paragraph at lines 417--430
[][]  [] 
 []

[30 <./figs/conf_matrix/densenet161_pretrained_conf.png> <./figs/conf_matrix/de
nsenet161_pretrained_log_conf.png> <./figs/conf_matrix/densenet161_conf.png> <.
/figs/conf_matrix/densenet161_log_conf.png>]
<figs/conf_matrix/densenet201_pretrained_conf.png, id=537, 433.62pt x 289.08pt>
File: figs/conf_matrix/densenet201_pretrained_conf.png Graphic file (type png)
<use figs/conf_matrix/densenet201_pretrained_conf.png>
Package pdftex.def Info: figs/conf_matrix/densenet201_pretrained_conf.png used 
on input line 439.
(pdftex.def)             Requested size: 268.87784pt x 179.25862pt.

Overfull \hbox (44.8124pt too wide) in paragraph at lines 439--440
 [][] 
 []


<figs/conf_matrix/densenet201_pretrained_log_conf.png, id=538, 433.62pt x 289.0
8pt>
File: figs/conf_matrix/densenet201_pretrained_log_conf.png Graphic file (type p
ng)
 <use figs/conf_matrix/densenet201_pretrained_log_conf.png>
Package pdftex.def Info: figs/conf_matrix/densenet201_pretrained_log_conf.png u
sed on input line 446.
(pdftex.def)             Requested size: 268.87784pt x 179.25862pt.

Overfull \hbox (44.8124pt too wide) in paragraph at lines 446--447
 [][] 
 []


Overfull \hbox (2.2222pt too wide) in paragraph at lines 437--449
[][]  [] 
 []

<figs/conf_matrix/densenet201_conf.png, id=539, 433.62pt x 289.08pt>
File: figs/conf_matrix/densenet201_conf.png Graphic file (type png)

<use figs/conf_matrix/densenet201_conf.png>
Package pdftex.def Info: figs/conf_matrix/densenet201_conf.png used on input li
ne 453.
(pdftex.def)             Requested size: 268.87784pt x 179.25862pt.

Overfull \hbox (44.8124pt too wide) in paragraph at lines 453--454
 [][] 
 []

<figs/conf_matrix/densenet201_log_conf.png, id=540, 433.62pt x 289.08pt>
File: figs/conf_matrix/densenet201_log_conf.png Graphic file (type png)

<use figs/conf_matrix/densenet201_log_conf.png>
Package pdftex.def Info: figs/conf_matrix/densenet201_log_conf.png used on inpu
t line 460.
(pdftex.def)             Requested size: 268.87784pt x 179.25862pt.

Overfull \hbox (44.8124pt too wide) in paragraph at lines 460--461
 [][] 
 []


Overfull \hbox (2.2222pt too wide) in paragraph at lines 450--463
[][]  [] 
 []

[31 <./figs/conf_matrix/densenet169_pretrained_conf.png> <./figs/conf_matrix/de
nsenet169_pretrained_log_conf.png> <./figs/conf_matrix/densenet169_conf.png> <.
/figs/conf_matrix/densenet169_log_conf.png>]
<figs/resnext_conf1.png, id=551, 433.62pt x 289.08pt>
File: figs/resnext_conf1.png Graphic file (type png)

<use figs/resnext_conf1.png>
Package pdftex.def Info: figs/resnext_conf1.png used on input line 473.
(pdftex.def)             Requested size: 268.87784pt x 179.25862pt.

Overfull \hbox (44.8124pt too wide) in paragraph at lines 473--474
 [][] 
 []

<figs/resnext_conf2.png, id=552, 433.62pt x 289.08pt>
File: figs/resnext_conf2.png Graphic file (type png)

<use figs/resnext_conf2.png>
Package pdftex.def Info: figs/resnext_conf2.png used on input line 480.
(pdftex.def)             Requested size: 268.87784pt x 179.25862pt.

Overfull \hbox (44.8124pt too wide) in paragraph at lines 480--481
 [][] 
 []


Overfull \hbox (2.2222pt too wide) in paragraph at lines 471--483
[][]  [] 
 []

[32 <./figs/conf_matrix/densenet201_pretrained_conf.png> <./figs/conf_matrix/de
nsenet201_pretrained_log_conf.png> <./figs/conf_matrix/densenet201_conf.png> <.
/figs/conf_matrix/densenet201_log_conf.png>] [33 <./figs/resnext_conf1.png> <./
figs/resnext_conf2.png>] <figs/rank.png, id=574, 681.54625pt x 937.5025pt>
File: figs/rank.png Graphic file (type png)

<use figs/rank.png>
Package pdftex.def Info: figs/rank.png used on input line 562.
(pdftex.def)             Requested size: 448.1309pt x 616.43614pt.
 [34]
Overfull \vbox (4.65102pt too high) has occurred while \output is active []


[35 <./figs/rank.png>] <figs/rank2.png, id=585, 681.54625pt x 900.36375pt>
File: figs/rank2.png Graphic file (type png)

<use figs/rank2.png>
Package pdftex.def Info: figs/rank2.png used on input line 569.
(pdftex.def)             Requested size: 448.1309pt x 592.0163pt.
 [36 <./figs/rank2.png>]
<figs/img_7224.jpg, id=592, 770.88pt x 1027.84pt>
File: figs/img_7224.jpg Graphic file (type jpg)
 <use figs/img_7224.jpg>
Package pdftex.def Info: figs/img_7224.jpg used on input line 597.
(pdftex.def)             Requested size: 85.3499pt x 113.81102pt.

<figs/ReLU_2.jpg, id=593, 1798.72pt x 449.68pt>
File: figs/ReLU_2.jpg Graphic file (type jpg)
 <use figs/ReLU_2.jpg>
Package pdftex.def Info: figs/ReLU_2.jpg used on input line 603.
(pdftex.def)             Requested size: 455.25049pt x 113.81102pt.

Overfull \hbox (7.11958pt too wide) in paragraph at lines 603--604
 [][] 
 []

<figs/img_12875.jpg, id=594, 301.125pt x 401.5pt>
File: figs/img_12875.jpg Graphic file (type jpg)
 <use figs/img_12875.jpg>
Package pdftex.def Info: figs/img_12875.jpg used on input line 610.
(pdftex.def)             Requested size: 85.35744pt x 113.81102pt.

<figs/12875_ReLU_2.jpg, id=595, 1798.72pt x 449.68pt>
File: figs/12875_ReLU_2.jpg Graphic file (type jpg)

<use figs/12875_ReLU_2.jpg>
Package pdftex.def Info: figs/12875_ReLU_2.jpg used on input line 616.
(pdftex.def)             Requested size: 455.25049pt x 113.81102pt.

Overfull \hbox (7.11958pt too wide) in paragraph at lines 616--617
 [][] 
 []

) [37] (./sections/5.Conclusion.tex [38 <./figs/img_7224.jpg> <./figs/ReLU_2.jp
g> <./figs/img_12875.jpg> <./figs/12875_ReLU_2.jpg>])
(./sections/6.Discussion.tex) (./main.bbl [39]
Underfull \hbox (badness 4229) in paragraph at lines 39--44
[]\OT1/cmr/m/n/10 ANIRUDDHA BHAN-DARIRushabh Nagda.  Ev-ery-thing you should kn
ow about con-
 []


Underfull \hbox (badness 3439) in paragraph at lines 39--44
\OT1/cmr/m/n/10 fu-sion ma-trix for ma-chine learn-ing.  []$\OT1/cmtt/m/n/10 ht
tps : / / www . analyticsvidhya . com / blog / 2020 / 04 /
 []

)
Package atveryend Info: Empty hook `BeforeClearDocument' on input line 43.
 [40]
Package atveryend Info: Empty hook `AfterLastShipout' on input line 43.
 (./main.aux)
Package atveryend Info: Executing hook `AtVeryEndDocument' on input line 43.
Package atveryend Info: Executing hook `AtEndAfterFileList' on input line 43.
Package rerunfilecheck Info: File `main.out' has not changed.
(rerunfilecheck)             Checksum: D682E46BCB43D61C977FDFD112540875;1898.


LaTeX Warning: There were multiply-defined labels.

Package atveryend Info: Empty hook `AtVeryVeryEnd' on input line 43.
 ) 
Here is how much of TeX's memory you used:
 8752 strings out of 492995
 135603 string characters out of 6136402
 221692 words of memory out of 5000000
 11955 multiletter control sequences out of 15000+600000
 9836 words of font info for 36 fonts, out of 8000000 for 9000
 1141 hyphenation exceptions out of 8191
 42i,15n,45p,1173b,461s stack positions out of 5000i,500n,10000p,200000b,80000s
<d:/texlive/2017/texmf-dist/fonts/type1/public/amsfonts/cm/cmbx10.pfb><d:/tex
live/2017/texmf-dist/fonts/type1/public/amsfonts/cm/cmbx12.pfb><d:/texlive/2017
/texmf-dist/fonts/type1/public/amsfonts/cm/cmex10.pfb><d:/texlive/2017/texmf-di
st/fonts/type1/public/amsfonts/cm/cmmi10.pfb><d:/texlive/2017/texmf-dist/fonts/
type1/public/amsfonts/cm/cmr10.pfb><d:/texlive/2017/texmf-dist/fonts/type1/publ
ic/amsfonts/cm/cmr12.pfb><d:/texlive/2017/texmf-dist/fonts/type1/public/amsfont
s/cm/cmr17.pfb><d:/texlive/2017/texmf-dist/fonts/type1/public/amsfonts/cm/cmr6.
pfb><d:/texlive/2017/texmf-dist/fonts/type1/public/amsfonts/cm/cmr7.pfb><d:/tex
live/2017/texmf-dist/fonts/type1/public/amsfonts/cm/cmr8.pfb><d:/texlive/2017/t
exmf-dist/fonts/type1/public/amsfonts/cm/cmr9.pfb><d:/texlive/2017/texmf-dist/f
onts/type1/public/amsfonts/cm/cmsy10.pfb><d:/texlive/2017/texmf-dist/fonts/type
1/public/amsfonts/cm/cmsy7.pfb><d:/texlive/2017/texmf-dist/fonts/type1/public/a
msfonts/cm/cmti10.pfb><d:/texlive/2017/texmf-dist/fonts/type1/public/amsfonts/c
m/cmtt10.pfb>
Output written on main.pdf (40 pages, 6879868 bytes).
PDF statistics:
 708 PDF objects out of 1000 (max. 8388607)
 427 compressed objects within 5 object streams
 125 named destinations out of 1000 (max. 500000)
 823 words of extra memory for PDF output out of 10000 (max. 10000000)

