\BOOKMARK [1][-]{section.1}{Introduction}{}% 1
\BOOKMARK [2][-]{subsection.1.1}{Background}{section.1}% 2
\BOOKMARK [2][-]{subsection.1.2}{Requirement and Standard}{section.1}% 3
\BOOKMARK [2][-]{subsection.1.3}{Backstage Organization}{section.1}% 4
\BOOKMARK [1][-]{section.2}{Dataset}{}% 5
\BOOKMARK [1][-]{section.3}{Model Design}{}% 6
\BOOKMARK [2][-]{subsection.3.1}{Baselines}{section.3}% 7
\BOOKMARK [3][-]{subsubsection.3.1.1}{VGGNet}{subsection.3.1}% 8
\BOOKMARK [3][-]{subsubsection.3.1.2}{ResNet}{subsection.3.1}% 9
\BOOKMARK [3][-]{subsubsection.3.1.3}{DenseNet}{subsection.3.1}% 10
\BOOKMARK [3][-]{subsubsection.3.1.4}{Experiment Setting}{subsection.3.1}% 11
\BOOKMARK [1][-]{section.4}{Intorduction on more advanced models}{}% 12
\BOOKMARK [2][-]{subsection.4.1}{ResNext}{section.4}% 13
\BOOKMARK [2][-]{subsection.4.2}{fine tuning of ResNeXt}{section.4}% 14
\BOOKMARK [2][-]{subsection.4.3}{Channel attention and spatial attention}{section.4}% 15
\BOOKMARK [2][-]{subsection.4.4}{Top Advanced model}{section.4}% 16
\BOOKMARK [2][-]{subsection.4.5}{Data Augmentation and Fine tuning}{section.4}% 17
\BOOKMARK [2][-]{subsection.4.6}{Heatmaps of class activation}{section.4}% 18
\BOOKMARK [1][-]{section.5}{Model Evaluation}{}% 19
\BOOKMARK [2][-]{subsection.5.1}{Evaluation Metrics}{section.5}% 20
\BOOKMARK [3][-]{subsubsection.5.1.1}{Top-k Accuracy}{subsection.5.1}% 21
\BOOKMARK [3][-]{subsubsection.5.1.2}{Confusion Matrix}{subsection.5.1}% 22
\BOOKMARK [3][-]{subsubsection.5.1.3}{Precision, Recall and F1-score}{subsection.5.1}% 23
\BOOKMARK [2][-]{subsection.5.2}{Baseline Summary}{section.5}% 24
\BOOKMARK [2][-]{subsection.5.3}{Visualization of the activation feature map}{section.5}% 25
\BOOKMARK [1][-]{section.6}{Conclusion}{}% 26
\BOOKMARK [1][-]{section.7}{Discussion}{}% 27
\BOOKMARK [1][-]{section.8}{Acknowledgement}{}% 28
\BOOKMARK [1][-]{section.9}{Appendix}{}% 29
